2019-09-18 16:37:22.965  INFO 16840 --- [main] com.ibm.springframework.assignment.App   : Starting App on LAPTOP-9UQL9GQC with PID 16840 (C:\Users\XinLongHe\eclipse-workspace\SpringFrameworkAssignment\target\classes started by XinLongHe in C:\Users\XinLongHe\eclipse-workspace\SpringFrameworkAssignment)
2019-09-18 16:37:22.968  INFO 16840 --- [main] com.ibm.springframework.assignment.App   : No active profile set, falling back to default profiles: default
2019-09-18 16:37:23.269  INFO 16840 --- [main] ationConfigEmbeddedWebApplicationContext : Refreshing org.springframework.boot.context.embedded.AnnotationConfigEmbeddedWebApplicationContext@59fd97a8: startup date [Wed Sep 18 16:37:23 CST 2019]; root of context hierarchy
2019-09-18 16:37:24.347  INFO 16840 --- [main] o.s.b.f.xml.XmlBeanDefinitionReader      : Loading XML bean definitions from class path resource [mykaptcha.xml]
2019-09-18 16:37:25.584  INFO 16840 --- [main] trationDelegate$BeanPostProcessorChecker : Bean 'org.springframework.transaction.annotation.ProxyTransactionManagementConfiguration' of type [class org.springframework.transaction.annotation.ProxyTransactionManagementConfiguration$$EnhancerBySpringCGLIB$$69865b08] is not eligible for getting processed by all BeanPostProcessors (for example: not eligible for auto-proxying)
2019-09-18 16:37:26.969  INFO 16840 --- [main] s.b.c.e.t.TomcatEmbeddedServletContainer : Tomcat initialized with port(s): 8080 (http)
2019-09-18 16:37:26.988  INFO 16840 --- [main] o.apache.catalina.core.StandardService   : Starting service Tomcat
2019-09-18 16:37:26.990  INFO 16840 --- [main] org.apache.catalina.core.StandardEngine  : Starting Servlet Engine: Apache Tomcat/8.5.5
2019-09-18 16:37:27.698  INFO 16840 --- [localhost-startStop-1] o.a.c.c.C.[Tomcat].[localhost].[/]       : Initializing Spring embedded WebApplicationContext
2019-09-18 16:37:27.699  INFO 16840 --- [localhost-startStop-1] o.s.web.context.ContextLoader            : Root WebApplicationContext: initialization completed in 4433 ms
2019-09-18 16:37:28.010  INFO 16840 --- [localhost-startStop-1] o.s.b.w.servlet.ServletRegistrationBean  : Mapping servlet: 'dispatcherServlet' to [/]
2019-09-18 16:37:28.016  INFO 16840 --- [localhost-startStop-1] o.s.b.w.servlet.ServletRegistrationBean  : Mapping servlet: 'webServlet' to [/h2-console/*]
2019-09-18 16:37:28.026  INFO 16840 --- [localhost-startStop-1] o.s.b.w.servlet.FilterRegistrationBean   : Mapping filter: 'characterEncodingFilter' to: [/*]
2019-09-18 16:37:28.027  INFO 16840 --- [localhost-startStop-1] o.s.b.w.servlet.FilterRegistrationBean   : Mapping filter: 'hiddenHttpMethodFilter' to: [/*]
2019-09-18 16:37:28.032  INFO 16840 --- [localhost-startStop-1] o.s.b.w.servlet.FilterRegistrationBean   : Mapping filter: 'httpPutFormContentFilter' to: [/*]
2019-09-18 16:37:28.032  INFO 16840 --- [localhost-startStop-1] o.s.b.w.servlet.FilterRegistrationBean   : Mapping filter: 'requestContextFilter' to: [/*]
2019-09-18 16:37:28.226  WARN 16840 --- [main] ationConfigEmbeddedWebApplicationContext : Exception encountered during context initialization - cancelling refresh attempt: org.springframework.beans.factory.UnsatisfiedDependencyException: Error creating bean with name 'userController': Unsatisfied dependency expressed through field 'userService'; nested exception is org.springframework.beans.factory.UnsatisfiedDependencyException: Error creating bean with name 'userServiceImpl': Unsatisfied dependency expressed through field 'userDao'; nested exception is org.springframework.beans.factory.BeanCreationException: Error creating bean with name 'userRepository': Cannot create inner bean '(inner bean)#16727bf0' of type [org.springframework.orm.jpa.SharedEntityManagerCreator] while setting bean property 'entityManager'; nested exception is org.springframework.beans.factory.BeanCreationException: Error creating bean with name '(inner bean)#16727bf0': Cannot resolve reference to bean 'entityManagerFactory' while setting constructor argument; nested exception is org.springframework.beans.factory.NoSuchBeanDefinitionException: No bean named 'entityManagerFactory' is defined
2019-09-18 16:37:28.236  INFO 16840 --- [main] o.apache.catalina.core.StandardService   : Stopping service Tomcat
2019-09-18 16:37:28.259  INFO 16840 --- [main] utoConfigurationReportLoggingInitializer : 

Error starting ApplicationContext. To display the auto-configuration report re-run your application with 'debug' enabled.
2019-09-18 16:37:28.403 ERROR 16840 --- [main] o.s.b.d.LoggingFailureAnalysisReporter   : 

***************************
APPLICATION FAILED TO START
***************************

Description:

Field userDao in com.ibm.springframework.assignment.service.implement.UserServiceImpl required a bean named 'entityManagerFactory' that could not be found.


Action:

Consider defining a bean named 'entityManagerFactory' in your configuration.

2019-09-18 16:47:07.662  INFO 18292 --- [main] com.ibm.springframework.assignment.App   : Starting App on LAPTOP-9UQL9GQC with PID 18292 (C:\Users\XinLongHe\eclipse-workspace\SpringFrameworkAssignment\target\classes started by XinLongHe in C:\Users\XinLongHe\eclipse-workspace\SpringFrameworkAssignment)
2019-09-18 16:47:07.665  INFO 18292 --- [main] com.ibm.springframework.assignment.App   : No active profile set, falling back to default profiles: default
2019-09-18 16:47:08.038  INFO 18292 --- [main] ationConfigEmbeddedWebApplicationContext : Refreshing org.springframework.boot.context.embedded.AnnotationConfigEmbeddedWebApplicationContext@59fd97a8: startup date [Wed Sep 18 16:47:08 CST 2019]; root of context hierarchy
2019-09-18 16:47:09.424  INFO 18292 --- [main] o.s.b.f.xml.XmlBeanDefinitionReader      : Loading XML bean definitions from class path resource [mykaptcha.xml]
2019-09-18 16:47:11.086  INFO 18292 --- [main] trationDelegate$BeanPostProcessorChecker : Bean 'org.springframework.transaction.annotation.ProxyTransactionManagementConfiguration' of type [class org.springframework.transaction.annotation.ProxyTransactionManagementConfiguration$$EnhancerBySpringCGLIB$$4fbf3423] is not eligible for getting processed by all BeanPostProcessors (for example: not eligible for auto-proxying)
2019-09-18 16:47:12.725  INFO 18292 --- [main] s.b.c.e.t.TomcatEmbeddedServletContainer : Tomcat initialized with port(s): 8080 (http)
2019-09-18 16:47:12.745  INFO 18292 --- [main] o.apache.catalina.core.StandardService   : Starting service Tomcat
2019-09-18 16:47:12.750  INFO 18292 --- [main] org.apache.catalina.core.StandardEngine  : Starting Servlet Engine: Apache Tomcat/8.5.5
2019-09-18 16:47:13.637  INFO 18292 --- [localhost-startStop-1] o.a.c.c.C.[Tomcat].[localhost].[/]       : Initializing Spring embedded WebApplicationContext
2019-09-18 16:47:13.639  INFO 18292 --- [localhost-startStop-1] o.s.web.context.ContextLoader            : Root WebApplicationContext: initialization completed in 5604 ms
2019-09-18 16:47:13.923  INFO 18292 --- [localhost-startStop-1] o.s.b.w.servlet.ServletRegistrationBean  : Mapping servlet: 'dispatcherServlet' to [/]
2019-09-18 16:47:13.930  INFO 18292 --- [localhost-startStop-1] o.s.b.w.servlet.ServletRegistrationBean  : Mapping servlet: 'webServlet' to [/h2-console/*]
2019-09-18 16:47:13.935  INFO 18292 --- [localhost-startStop-1] o.s.b.w.servlet.FilterRegistrationBean   : Mapping filter: 'characterEncodingFilter' to: [/*]
2019-09-18 16:47:13.935  INFO 18292 --- [localhost-startStop-1] o.s.b.w.servlet.FilterRegistrationBean   : Mapping filter: 'hiddenHttpMethodFilter' to: [/*]
2019-09-18 16:47:13.937  INFO 18292 --- [localhost-startStop-1] o.s.b.w.servlet.FilterRegistrationBean   : Mapping filter: 'httpPutFormContentFilter' to: [/*]
2019-09-18 16:47:13.937  INFO 18292 --- [localhost-startStop-1] o.s.b.w.servlet.FilterRegistrationBean   : Mapping filter: 'requestContextFilter' to: [/*]
2019-09-18 16:47:14.336  WARN 18292 --- [main] ationConfigEmbeddedWebApplicationContext : Exception encountered during context initialization - cancelling refresh attempt: org.springframework.beans.factory.BeanCreationException: Error creating bean with name 'requestMappingHandlerAdapter' defined in class path resource [org/springframework/boot/autoconfigure/web/WebMvcAutoConfiguration$EnableWebMvcConfiguration.class]: Bean instantiation via factory method failed; nested exception is org.springframework.beans.BeanInstantiationException: Failed to instantiate [org.springframework.web.servlet.mvc.method.annotation.RequestMappingHandlerAdapter]: Factory method 'requestMappingHandlerAdapter' threw exception; nested exception is org.springframework.beans.factory.BeanCreationException: Error creating bean with name 'mvcConversionService' defined in class path resource [org/springframework/boot/autoconfigure/web/WebMvcAutoConfiguration$EnableWebMvcConfiguration.class]: Bean instantiation via factory method failed; nested exception is org.springframework.beans.BeanInstantiationException: Failed to instantiate [org.springframework.format.support.FormattingConversionService]: Factory method 'mvcConversionService' threw exception; nested exception is org.springframework.beans.factory.BeanCreationException: Error creating bean with name 'userRepository': Cannot create inner bean '(inner bean)#53c6f96d' of type [org.springframework.orm.jpa.SharedEntityManagerCreator] while setting bean property 'entityManager'; nested exception is org.springframework.beans.factory.BeanCreationException: Error creating bean with name '(inner bean)#53c6f96d': Cannot resolve reference to bean 'entityManagerFactory' while setting constructor argument; nested exception is org.springframework.beans.factory.NoSuchBeanDefinitionException: No bean named 'entityManagerFactory' is defined
2019-09-18 16:47:14.342  INFO 18292 --- [main] o.apache.catalina.core.StandardService   : Stopping service Tomcat
2019-09-18 16:47:14.364  INFO 18292 --- [main] utoConfigurationReportLoggingInitializer : 

Error starting ApplicationContext. To display the auto-configuration report re-run your application with 'debug' enabled.
2019-09-18 16:47:14.465 ERROR 18292 --- [main] o.s.b.d.LoggingFailureAnalysisReporter   : 

***************************
APPLICATION FAILED TO START
***************************

Description:

Method mvcConversionService in org.springframework.web.servlet.config.annotation.WebMvcConfigurationSupport required a bean named 'entityManagerFactory' that could not be found.


Action:

Consider defining a bean named 'entityManagerFactory' in your configuration.

2019-09-18 16:47:51.892  INFO 17356 --- [main] com.ibm.springframework.assignment.App   : Starting App on LAPTOP-9UQL9GQC with PID 17356 (C:\Users\XinLongHe\eclipse-workspace\SpringFrameworkAssignment\target\classes started by XinLongHe in C:\Users\XinLongHe\eclipse-workspace\SpringFrameworkAssignment)
2019-09-18 16:47:51.897  INFO 17356 --- [main] com.ibm.springframework.assignment.App   : No active profile set, falling back to default profiles: default
2019-09-18 16:47:52.386  INFO 17356 --- [main] ationConfigEmbeddedWebApplicationContext : Refreshing org.springframework.boot.context.embedded.AnnotationConfigEmbeddedWebApplicationContext@59fd97a8: startup date [Wed Sep 18 16:47:52 CST 2019]; root of context hierarchy
2019-09-18 16:47:53.461  INFO 17356 --- [main] o.s.b.f.xml.XmlBeanDefinitionReader      : Loading XML bean definitions from class path resource [mykaptcha.xml]
2019-09-18 16:47:54.575  INFO 17356 --- [main] trationDelegate$BeanPostProcessorChecker : Bean 'org.springframework.transaction.annotation.ProxyTransactionManagementConfiguration' of type [class org.springframework.transaction.annotation.ProxyTransactionManagementConfiguration$$EnhancerBySpringCGLIB$$d7db709a] is not eligible for getting processed by all BeanPostProcessors (for example: not eligible for auto-proxying)
2019-09-18 16:47:55.951  INFO 17356 --- [main] s.b.c.e.t.TomcatEmbeddedServletContainer : Tomcat initialized with port(s): 8080 (http)
2019-09-18 16:47:55.966  INFO 17356 --- [main] o.apache.catalina.core.StandardService   : Starting service Tomcat
2019-09-18 16:47:55.968  INFO 17356 --- [main] org.apache.catalina.core.StandardEngine  : Starting Servlet Engine: Apache Tomcat/8.5.5
2019-09-18 16:47:56.104  INFO 17356 --- [localhost-startStop-1] o.a.c.c.C.[Tomcat].[localhost].[/]       : Initializing Spring embedded WebApplicationContext
2019-09-18 16:47:56.105  INFO 17356 --- [localhost-startStop-1] o.s.web.context.ContextLoader            : Root WebApplicationContext: initialization completed in 3723 ms
2019-09-18 16:47:56.371  INFO 17356 --- [localhost-startStop-1] o.s.b.w.servlet.ServletRegistrationBean  : Mapping servlet: 'dispatcherServlet' to [/]
2019-09-18 16:47:56.374  INFO 17356 --- [localhost-startStop-1] o.s.b.w.servlet.ServletRegistrationBean  : Mapping servlet: 'webServlet' to [/h2-console/*]
2019-09-18 16:47:56.379  INFO 17356 --- [localhost-startStop-1] o.s.b.w.servlet.FilterRegistrationBean   : Mapping filter: 'characterEncodingFilter' to: [/*]
2019-09-18 16:47:56.380  INFO 17356 --- [localhost-startStop-1] o.s.b.w.servlet.FilterRegistrationBean   : Mapping filter: 'hiddenHttpMethodFilter' to: [/*]
2019-09-18 16:47:56.381  INFO 17356 --- [localhost-startStop-1] o.s.b.w.servlet.FilterRegistrationBean   : Mapping filter: 'httpPutFormContentFilter' to: [/*]
2019-09-18 16:47:56.381  INFO 17356 --- [localhost-startStop-1] o.s.b.w.servlet.FilterRegistrationBean   : Mapping filter: 'requestContextFilter' to: [/*]
2019-09-18 16:47:56.486  WARN 17356 --- [main] ationConfigEmbeddedWebApplicationContext : Exception encountered during context initialization - cancelling refresh attempt: org.springframework.beans.factory.UnsatisfiedDependencyException: Error creating bean with name 'userController': Unsatisfied dependency expressed through field 'userService'; nested exception is org.springframework.beans.factory.UnsatisfiedDependencyException: Error creating bean with name 'userServiceImpl': Unsatisfied dependency expressed through field 'userDao'; nested exception is org.springframework.beans.factory.BeanCreationException: Error creating bean with name 'userRepository': Cannot create inner bean '(inner bean)#77a074b4' of type [org.springframework.orm.jpa.SharedEntityManagerCreator] while setting bean property 'entityManager'; nested exception is org.springframework.beans.factory.BeanCreationException: Error creating bean with name '(inner bean)#77a074b4': Cannot resolve reference to bean 'entityManagerFactory' while setting constructor argument; nested exception is org.springframework.beans.factory.NoSuchBeanDefinitionException: No bean named 'entityManagerFactory' is defined
2019-09-18 16:47:56.488  INFO 17356 --- [main] o.apache.catalina.core.StandardService   : Stopping service Tomcat
2019-09-18 16:47:56.505  INFO 17356 --- [main] utoConfigurationReportLoggingInitializer : 

Error starting ApplicationContext. To display the auto-configuration report re-run your application with 'debug' enabled.
2019-09-18 16:47:56.597 ERROR 17356 --- [main] o.s.b.d.LoggingFailureAnalysisReporter   : 

***************************
APPLICATION FAILED TO START
***************************

Description:

Field userDao in com.ibm.springframework.assignment.service.implement.UserServiceImpl required a bean named 'entityManagerFactory' that could not be found.


Action:

Consider defining a bean named 'entityManagerFactory' in your configuration.

2019-09-18 16:49:03.264  INFO 1600 --- [main] com.ibm.springframework.assignment.App   : Starting App on LAPTOP-9UQL9GQC with PID 1600 (C:\Users\XinLongHe\eclipse-workspace\SpringFrameworkAssignment\target\classes started by XinLongHe in C:\Users\XinLongHe\eclipse-workspace\SpringFrameworkAssignment)
2019-09-18 16:49:03.269  INFO 1600 --- [main] com.ibm.springframework.assignment.App   : No active profile set, falling back to default profiles: default
2019-09-18 16:49:03.781  INFO 1600 --- [main] ationConfigEmbeddedWebApplicationContext : Refreshing org.springframework.boot.context.embedded.AnnotationConfigEmbeddedWebApplicationContext@59fd97a8: startup date [Wed Sep 18 16:49:03 CST 2019]; root of context hierarchy
2019-09-18 16:49:05.040  INFO 1600 --- [main] o.s.b.f.xml.XmlBeanDefinitionReader      : Loading XML bean definitions from class path resource [mykaptcha.xml]
2019-09-18 16:49:07.873  INFO 1600 --- [main] s.b.c.e.t.TomcatEmbeddedServletContainer : Tomcat initialized with port(s): 8080 (http)
2019-09-18 16:49:07.892  INFO 1600 --- [main] o.apache.catalina.core.StandardService   : Starting service Tomcat
2019-09-18 16:49:07.897  INFO 1600 --- [main] org.apache.catalina.core.StandardEngine  : Starting Servlet Engine: Apache Tomcat/8.5.5
2019-09-18 16:49:08.048  INFO 1600 --- [localhost-startStop-1] o.a.c.c.C.[Tomcat].[localhost].[/]       : Initializing Spring embedded WebApplicationContext
2019-09-18 16:49:08.049  INFO 1600 --- [localhost-startStop-1] o.s.web.context.ContextLoader            : Root WebApplicationContext: initialization completed in 4273 ms
2019-09-18 16:49:08.265  INFO 1600 --- [localhost-startStop-1] o.s.b.w.servlet.ServletRegistrationBean  : Mapping servlet: 'dispatcherServlet' to [/]
2019-09-18 16:49:08.269  INFO 1600 --- [localhost-startStop-1] o.s.b.w.servlet.ServletRegistrationBean  : Mapping servlet: 'webServlet' to [/h2-console/*]
2019-09-18 16:49:08.272  INFO 1600 --- [localhost-startStop-1] o.s.b.w.servlet.FilterRegistrationBean   : Mapping filter: 'characterEncodingFilter' to: [/*]
2019-09-18 16:49:08.274  INFO 1600 --- [localhost-startStop-1] o.s.b.w.servlet.FilterRegistrationBean   : Mapping filter: 'hiddenHttpMethodFilter' to: [/*]
2019-09-18 16:49:08.274  INFO 1600 --- [localhost-startStop-1] o.s.b.w.servlet.FilterRegistrationBean   : Mapping filter: 'httpPutFormContentFilter' to: [/*]
2019-09-18 16:49:08.275  INFO 1600 --- [localhost-startStop-1] o.s.b.w.servlet.FilterRegistrationBean   : Mapping filter: 'requestContextFilter' to: [/*]
2019-09-18 16:49:08.769  INFO 1600 --- [main] s.w.s.m.m.a.RequestMappingHandlerAdapter : Looking for @ControllerAdvice: org.springframework.boot.context.embedded.AnnotationConfigEmbeddedWebApplicationContext@59fd97a8: startup date [Wed Sep 18 16:49:03 CST 2019]; root of context hierarchy
2019-09-18 16:49:08.867  INFO 1600 --- [main] s.w.s.m.m.a.RequestMappingHandlerMapping : Mapped "{[/defaultKaptcha]}" onto public void com.ibm.springframework.assignment.controller.captcha.DefaultKaptchaController.defaultKaptcha(javax.servlet.http.HttpServletRequest,javax.servlet.http.HttpServletResponse) throws java.lang.Exception
2019-09-18 16:49:08.869  INFO 1600 --- [main] s.w.s.m.m.a.RequestMappingHandlerMapping : Mapped "{[/userLogin]}" onto public org.springframework.web.servlet.ModelAndView com.ibm.springframework.assignment.controller.user.UserController.userLogin(com.ibm.springframework.assignment.entity.User,javax.servlet.http.HttpServletRequest,javax.servlet.http.HttpServletResponse)
2019-09-18 16:49:08.870  INFO 1600 --- [main] s.w.s.m.m.a.RequestMappingHandlerMapping : Mapped "{[/toregister]}" onto public org.springframework.web.servlet.ModelAndView com.ibm.springframework.assignment.controller.user.UserController.toRegister(javax.servlet.http.HttpServletRequest,javax.servlet.http.HttpServletResponse)
2019-09-18 16:49:08.880  INFO 1600 --- [main] s.w.s.m.m.a.RequestMappingHandlerMapping : Mapped "{[/tologin]}" onto public org.springframework.web.servlet.ModelAndView com.ibm.springframework.assignment.controller.user.UserController.toLogin(javax.servlet.http.HttpServletRequest,javax.servlet.http.HttpServletResponse)
2019-09-18 16:49:08.886  INFO 1600 --- [main] s.w.s.m.m.a.RequestMappingHandlerMapping : Mapped "{[/error]}" onto public org.springframework.http.ResponseEntity<java.util.Map<java.lang.String, java.lang.Object>> org.springframework.boot.autoconfigure.web.BasicErrorController.error(javax.servlet.http.HttpServletRequest)
2019-09-18 16:49:08.886  INFO 1600 --- [main] s.w.s.m.m.a.RequestMappingHandlerMapping : Mapped "{[/error],produces=[text/html]}" onto public org.springframework.web.servlet.ModelAndView org.springframework.boot.autoconfigure.web.BasicErrorController.errorHtml(javax.servlet.http.HttpServletRequest,javax.servlet.http.HttpServletResponse)
2019-09-18 16:49:08.928  INFO 1600 --- [main] o.s.w.s.handler.SimpleUrlHandlerMapping  : Mapped URL path [/webjars/**] onto handler of type [class org.springframework.web.servlet.resource.ResourceHttpRequestHandler]
2019-09-18 16:49:08.929  INFO 1600 --- [main] o.s.w.s.handler.SimpleUrlHandlerMapping  : Mapped URL path [/**] onto handler of type [class org.springframework.web.servlet.resource.ResourceHttpRequestHandler]
2019-09-18 16:49:08.989  INFO 1600 --- [main] o.s.w.s.handler.SimpleUrlHandlerMapping  : Mapped URL path [/**/favicon.ico] onto handler of type [class org.springframework.web.servlet.resource.ResourceHttpRequestHandler]
2019-09-18 16:49:09.875  INFO 1600 --- [main] o.s.j.e.a.AnnotationMBeanExporter        : Registering beans for JMX exposure on startup
2019-09-18 16:49:09.956  INFO 1600 --- [main] s.b.c.e.t.TomcatEmbeddedServletContainer : Tomcat started on port(s): 8080 (http)
2019-09-18 16:49:09.961  INFO 1600 --- [main] com.ibm.springframework.assignment.App   : Started App in 7.239 seconds (JVM running for 7.728)
